     1                                  bits 32 ; assembling for the 32 bits architecture
     2                                  
     3                                  ; declare the EntryPoint (a label defining the very first instruction of the program)
     4                                  global start        
     5                                  
     6                                  ; declare external functions needed by our program
     7                                  extern exit               ; tell nasm that exit exists even if we won't be defining it
     8                                  import exit msvcrt.dll    ; exit is a function that ends the calling process. It is defined in msvcrt.dll
     9                                                            ; msvcrt.dll contains exit, printf and all the other important C-runtime specific functions
    10                                  
    11                                  ; our data is declared here (the variables needed by our program)
    12                                  segment data use32 class=data
    13                                      ; ...
    14 00000000 32                          a db 50
    15 00000001 21                          b db 33
    16 00000002 0E                          c db 14
    17 00000003 20                          d db 32
    18                                  ; our code starts here
    19                                  segment code use32 class=code
    20                                      start:
    21                                          ; ...  (b+b)+(c-a)+d
    22 00000000 A0[01000000]                    mov al , [b] ; ah = b
    23 00000005 0205[01000000]                  add al , [b] ; ah = b+b
    24 0000000B 8A1D[02000000]                  mov bl , [c] ; bh = c
    25 00000011 2A1D[00000000]                  sub bl , [a] ; bh = c - a
    26 00000017 00D8                            add al , bl  ; ah = b+b + c-a
    27 00000019 0205[03000000]                  add al ,[d]  ; ah = b+b + c-a + d
    28                                          ; 33 + 33 + 14 - 50 + 32 = 62
    29                                          ; exit(0)
    30 0000001F 6A00                            push    dword 0      ; push the parameter for exit onto the stack
    31 00000021 FF15[00000000]                  call    [exit]       ; call exit to terminate the program
