     1                                  bits 32 ; assembling for the 32 bits architecture
     2                                  
     3                                  ; declare the EntryPoint (a label defining the very first instruction of the program)
     4                                  global start        
     5                                  
     6                                  ; declare external functions needed by our program
     7                                  extern exit               ; tell nasm that exit exists even if we won't be defining it
     8                                  import exit msvcrt.dll    ; exit is a function that ends the calling process. It is defined in msvcrt.dll
     9                                                            ; msvcrt.dll contains exit, printf and all the other important C-runtime specific functions
    10                                  
    11                                  ; our data is declared here (the variables needed by our program)
    12                                  segment data use32 class=data
    13                                      ; ...
    14 00000000 20                          a db 32
    15 00000001 E803                        e dw 1000
    16                                  ; our code starts here
    17                                  segment code use32 class=code
    18                                      start:
    19                                          ; ... e-a*a
    20 00000000 A0[00000000]                    mov al , [a]
    21 00000005 F625[00000000]                  mul byte[a] ; ax = a*a
    22 0000000B 668B1D[01000000]                mov bx , [e]
    23 00000012 6629C3                          sub bx , ax
    24                                          ; exit(0)
    25 00000015 6A00                            push    dword 0      ; push the parameter for exit onto the stack
    26 00000017 FF15[00000000]                  call    [exit]       ; call exit to terminate the program
