     1                                  bits 32
     2                                  global start
     3                                  extern exit,printf,fopen,fclose,fprintf,scanf
     4                                  import exit msvcrt.dll
     5                                  import printf msvcrt.dll
     6                                  import fopen msvcrt.dll
     7                                  import fclose msvcrt.dll
     8                                  import fprintf msvcrt.dll
     9                                  import scanf msvcrt.dll
    10                                  extern comp
    11                                  
    12                                  segment data use32 class=data
    13                                      ;...
    14 00000000 00000000                    max dd 0
    15 00000004 00000000                    n dd 0
    16 00000008 00000000                    x dd 0
    17 0000000C 00000000                    desc_f dd 0
    18 00000010 6D61782E74787400            nume_fisier db "max.txt",0
    19 00000018 7700                        mod_aces db "w",0
    20 0000001A 256400                      format_10 db "%d",0
    21 0000001D 257800                      format_h db "%x",0
    22                                      
    23                                  segment code use32 class=code
    24                                      start:
    25                                          ;...
    26                                      
    27 00000000 68[04000000]                    push dword n
    28 00000005 68[1A000000]                    push dword format_10
    29 0000000A FF15[00000000]                  call [scanf]
    30 00000010 83C408                          add esp , 4*2
    31                                          
    32 00000013 8B0D[04000000]                  mov ecx , [n]
    33                                          loop_citire:
    34 00000019 51                                  push dword ecx
    35                                              
    36 0000001A 68[08000000]                        push dword x
    37 0000001F 68[1A000000]                        push dword format_10
    38 00000024 FF15[00000000]                      call [scanf]
    39 0000002A 83C408                              add esp , 4*2
    40                                              
    41 0000002D FF35[00000000]                      push dword [max]
    42 00000033 FF35[08000000]                      push dword [x]
    43 00000039 E8(00000000)                        call comp
    44 0000003E 83C408                              add esp , 4*2
    45                                              ; returneaza in eax 1 daca e mai mare x decat max
    46                                              
    47 00000041 83F801                              cmp eax , 1
    48 00000044 750A                                jne continue
    49                                              
    50                                              ;else
    51 00000046 A1[08000000]                        mov eax , [x]
    52 0000004B A3[00000000]                        mov [max] , eax
    53                                              
    54                                              continue:
    55 00000050 59                                  pop ecx
    56 00000051 83C408                          add esp , 4*2
    57 00000054 E2C3                            loop loop_citire
    58                                          
    59                                          ;fopen(nume_fisier,mod_aces) -> retureneaza desc_f
    60 00000056 68[18000000]                    push dword mod_aces
    61 0000005B 68[10000000]                    push dword nume_fisier
    62 00000060 FF15[00000000]                  call [fopen]
    63 00000066 83C408                          add esp , 4*2
    64                                          
    65 00000069 A3[0C000000]                    mov [desc_f] , eax
    66 0000006E 83F800                          cmp eax , 0
    67 00000071 7429                                je exittt
    68                                          
    69 00000073 FF35[00000000]                  push dword [max]
    70 00000079 68[1D000000]                    push dword format_h
    71 0000007E FF35[0C000000]                  push dword [desc_f]
    72 00000084 FF15[00000000]                  call [fprintf]
    73 0000008A 83C40C                          add esp , 4*3
    74                                          
    75                                          ;fclose(desc_f)
    76 0000008D FF35[0C000000]                  push dword [desc_f]
    77 00000093 FF15[00000000]                  call [fclose]
    78 00000099 83C404                          add esp , 4*1
    79                                          
    80                                          exittt:    
    81                                          ; exit
    82 0000009C 6A00                            push dword 0
    83 0000009E FF15[00000000]                  call [exit]
    84                                          
    85                                          
    86                                     
