     1                                  bits 32
     2                                  global start
     3                                  extern exit,printf
     4                                  import exit msvcrt.dll
     5                                  extern afis
     6                                  
     7                                  segment data use32 class=data
     8                                      ; ...
     9 00000000 20000000                    start1 dd 32
    10 00000004 7E000000                    finish1 dd 126
    11 00000008 00000000                    aux dd 0
    12                                      
    13                                      
    14                                  segment code use32 class=code
    15                                      start:
    16                                          ; ...
    17 00000000 8B0D[00000000]                  mov ecx , [start1]
    18                                          
    19                                          loop1:
    20 00000006 89CB                                mov ebx , ecx
    21 00000008 4B                                  dec ebx
    22 00000009 3B1D[04000000]                      cmp ebx , [finish1]
    23 0000000F 7418                                    je out1
    24                                              
    25 00000011 890D[08000000]                      mov [aux] , ecx
    26 00000017 51                                  push dword ecx
    27 00000018 E8(00000000)                        call afis
    28 0000001D 83C404                              add esp , 4*1
    29                                              
    30 00000020 8B0D[08000000]                      mov ecx , [aux]
    31 00000026 41                                  inc ecx    
    32 00000027 EBDD                            jmp loop1
    33                                          out1:
    34                                          
    35                                          ; exit(0)
    36 00000029 6A00                            push    dword 0      ; push the parameter for exit onto the stack
    37 0000002B FF15[00000000]                  call    [exit] 
    38                                          
    39                                          
    40                                      
