     1                                  bits 32 ; assembling for the 32 bits architecture
     2                                  
     3                                  ; declare the EntryPoint (a label defining the very first instruction of the program)
     4                                  global start        
     5                                  
     6                                  ; declare external functions needed by our program
     7                                  extern exit               ; tell nasm that exit exists even if we won't be defining it
     8                                  import exit msvcrt.dll    ; exit is a function that ends the calling process. It is defined in msvcrt.dll
     9                                                            ; msvcrt.dll contains exit, printf and all the other important C-runtime specific functions
    10                                  
    11                                  ; our data is declared here (the variables needed by our program)
    12                                  segment data use32 class=data
    13                                      ; ...
    14 00000000 0000                        a dw 0
    15                                  
    16                                  ; our code starts here
    17                                  segment code use32 class=code
    18                                      start:
    19                                          ; ...
    20 00000000 66B80100                        mov ax , 1
    21 00000004 6650                            push ax
    22 00000006 66FF35[00000000]                push word[a]
    23 0000000D 58                              pop eax
    24                                          
    25                                          ; exit(0)
    26 0000000E 6A00                            push    dword 0      ; push the parameter for exit onto the stack
    27 00000010 FF15[00000000]                  call    [exit]       ; call exit to terminate the program
    28                                  
